<?xml version="1.0" ?>
<coverage branch-rate="0" branches-covered="0" branches-valid="0" complexity="0" line-rate="0.6949" lines-covered="353" lines-valid="508" timestamp="1617716988586" version="5.5">
	<!-- Generated by coverage.py: https://coverage.readthedocs.io -->
	<!-- Based on https://raw.githubusercontent.com/cobertura/web/master/htdocs/xml/coverage-04.dtd -->
	<sources>
		<source>/home/astanziola/repos/jwave</source>
	</sources>
	<packages>
		<package branch-rate="0" complexity="0" line-rate="0.6949" name="jwave">
			<classes>
				<class branch-rate="0" complexity="0" filename="jwave/__init__.py" line-rate="1" name="__init__.py">
					<methods/>
					<lines/>
				</class>
				<class branch-rate="0" complexity="0" filename="jwave/_develop.py" line-rate="0" name="_develop.py">
					<methods/>
					<lines>
						<line hits="0" number="1"/>
						<line hits="0" number="4"/>
						<line hits="0" number="5"/>
						<line hits="0" number="10"/>
					</lines>
				</class>
				<class branch-rate="0" complexity="0" filename="jwave/geometry.py" line-rate="0.7952" name="geometry.py">
					<methods/>
					<lines>
						<line hits="1" number="1"/>
						<line hits="1" number="2"/>
						<line hits="1" number="3"/>
						<line hits="1" number="4"/>
						<line hits="1" number="5"/>
						<line hits="1" number="8"/>
						<line hits="1" number="21"/>
						<line hits="1" number="22"/>
						<line hits="1" number="23"/>
						<line hits="1" number="24"/>
						<line hits="1" number="25"/>
						<line hits="1" number="26"/>
						<line hits="1" number="27"/>
						<line hits="1" number="29"/>
						<line hits="0" number="39"/>
						<line hits="1" number="41"/>
						<line hits="1" number="56"/>
						<line hits="1" number="57"/>
						<line hits="1" number="58"/>
						<line hits="1" number="60"/>
						<line hits="1" number="62"/>
						<line hits="1" number="64"/>
						<line hits="1" number="65"/>
						<line hits="1" number="67"/>
						<line hits="1" number="68"/>
						<line hits="1" number="70"/>
						<line hits="1" number="80"/>
						<line hits="1" number="90"/>
						<line hits="1" number="91"/>
						<line hits="1" number="105"/>
						<line hits="1" number="107"/>
						<line hits="1" number="133"/>
						<line hits="1" number="134"/>
						<line hits="1" number="136"/>
						<line hits="1" number="140"/>
						<line hits="1" number="141"/>
						<line hits="1" number="144"/>
						<line hits="1" number="145"/>
						<line hits="1" number="146"/>
						<line hits="1" number="147"/>
						<line hits="1" number="150"/>
						<line hits="1" number="155"/>
						<line hits="1" number="158"/>
						<line hits="1" number="181"/>
						<line hits="1" number="182"/>
						<line hits="1" number="183"/>
						<line hits="1" number="184"/>
						<line hits="1" number="187"/>
						<line hits="0" number="188"/>
						<line hits="0" number="189"/>
						<line hits="0" number="190"/>
						<line hits="0" number="191"/>
						<line hits="0" number="192"/>
						<line hits="0" number="193"/>
						<line hits="0" number="194"/>
						<line hits="1" number="197"/>
						<line hits="0" number="198"/>
						<line hits="0" number="199"/>
						<line hits="0" number="200"/>
						<line hits="0" number="201"/>
						<line hits="1" number="204"/>
						<line hits="1" number="221"/>
						<line hits="1" number="222"/>
						<line hits="1" number="225"/>
						<line hits="1" number="240"/>
						<line hits="1" number="241"/>
						<line hits="1" number="243"/>
						<line hits="0" number="247"/>
						<line hits="0" number="248"/>
						<line hits="0" number="249"/>
						<line hits="1" number="252"/>
						<line hits="1" number="267"/>
						<line hits="1" number="270"/>
						<line hits="1" number="280"/>
						<line hits="1" number="281"/>
						<line hits="1" number="283"/>
						<line hits="0" number="285"/>
						<line hits="1" number="287"/>
						<line hits="1" number="288"/>
						<line hits="1" number="300"/>
						<line hits="1" number="301"/>
						<line hits="0" number="302"/>
						<line hits="1" number="305"/>
					</lines>
				</class>
				<class branch-rate="0" complexity="0" filename="jwave/matlab.py" line-rate="0" name="matlab.py">
					<methods/>
					<lines>
						<line hits="0" number="1"/>
						<line hits="0" number="2"/>
						<line hits="0" number="3"/>
						<line hits="0" number="6"/>
						<line hits="0" number="11"/>
						<line hits="0" number="34"/>
						<line hits="0" number="35"/>
						<line hits="0" number="36"/>
						<line hits="0" number="37"/>
						<line hits="0" number="38"/>
						<line hits="0" number="41"/>
						<line hits="0" number="42"/>
						<line hits="0" number="44"/>
						<line hits="0" number="53"/>
						<line hits="0" number="54"/>
						<line hits="0" number="55"/>
						<line hits="0" number="56"/>
						<line hits="0" number="58"/>
						<line hits="0" number="59"/>
						<line hits="0" number="62"/>
						<line hits="0" number="63"/>
						<line hits="0" number="65"/>
						<line hits="0" number="71"/>
						<line hits="0" number="73"/>
						<line hits="0" number="91"/>
						<line hits="0" number="92"/>
						<line hits="0" number="96"/>
						<line hits="0" number="97"/>
						<line hits="0" number="101"/>
						<line hits="0" number="105"/>
						<line hits="0" number="112"/>
						<line hits="0" number="113"/>
						<line hits="0" number="114"/>
						<line hits="0" number="116"/>
						<line hits="0" number="125"/>
						<line hits="0" number="127"/>
						<line hits="0" number="129"/>
						<line hits="0" number="130"/>
						<line hits="0" number="131"/>
					</lines>
				</class>
				<class branch-rate="0" complexity="0" filename="jwave/ode.py" line-rate="0.9655" name="ode.py">
					<methods/>
					<lines>
						<line hits="1" number="1"/>
						<line hits="1" number="2"/>
						<line hits="1" number="3"/>
						<line hits="1" number="4"/>
						<line hits="1" number="5"/>
						<line hits="1" number="8"/>
						<line hits="0" number="9"/>
						<line hits="1" number="12"/>
						<line hits="1" number="69"/>
						<line hits="1" number="70"/>
						<line hits="1" number="73"/>
						<line hits="1" number="76"/>
						<line hits="1" number="78"/>
						<line hits="1" number="79"/>
						<line hits="1" number="80"/>
						<line hits="1" number="84"/>
						<line hits="1" number="85"/>
						<line hits="1" number="86"/>
						<line hits="1" number="87"/>
						<line hits="1" number="89"/>
						<line hits="1" number="90"/>
						<line hits="1" number="92"/>
						<line hits="1" number="94"/>
						<line hits="1" number="95"/>
						<line hits="1" number="98"/>
						<line hits="1" number="143"/>
						<line hits="1" number="144"/>
						<line hits="1" number="147"/>
						<line hits="1" number="150"/>
						<line hits="1" number="152"/>
						<line hits="1" number="153"/>
						<line hits="1" number="154"/>
						<line hits="1" number="155"/>
						<line hits="1" number="156"/>
						<line hits="1" number="157"/>
						<line hits="1" number="158"/>
						<line hits="1" number="160"/>
						<line hits="1" number="161"/>
						<line hits="1" number="162"/>
						<line hits="1" number="163"/>
						<line hits="1" number="165"/>
						<line hits="1" number="166"/>
						<line hits="1" number="168"/>
						<line hits="1" number="170"/>
						<line hits="1" number="171"/>
						<line hits="1" number="174"/>
						<line hits="1" number="265"/>
						<line hits="0" number="266"/>
						<line hits="1" number="268"/>
						<line hits="1" number="269"/>
						<line hits="1" number="282"/>
						<line hits="1" number="287"/>
						<line hits="1" number="288"/>
						<line hits="1" number="289"/>
						<line hits="1" number="292"/>
						<line hits="1" number="296"/>
						<line hits="1" number="297"/>
						<line hits="1" number="298"/>
						<line hits="1" number="299"/>
						<line hits="1" number="300"/>
						<line hits="1" number="301"/>
						<line hits="1" number="302"/>
						<line hits="1" number="304"/>
						<line hits="1" number="305"/>
						<line hits="1" number="306"/>
						<line hits="1" number="308"/>
						<line hits="1" number="309"/>
						<line hits="1" number="311"/>
						<line hits="1" number="313"/>
						<line hits="1" number="314"/>
						<line hits="1" number="318"/>
						<line hits="1" number="321"/>
						<line hits="1" number="322"/>
						<line hits="1" number="323"/>
						<line hits="1" number="324"/>
						<line hits="1" number="325"/>
						<line hits="1" number="326"/>
						<line hits="1" number="327"/>
						<line hits="1" number="329"/>
						<line hits="1" number="330"/>
						<line hits="1" number="331"/>
						<line hits="1" number="333"/>
						<line hits="0" number="334"/>
						<line hits="1" number="336"/>
						<line hits="1" number="338"/>
						<line hits="1" number="441"/>
						<line hits="1" number="442"/>
					</lines>
				</class>
				<class branch-rate="0" complexity="0" filename="jwave/physics.py" line-rate="0.7091" name="physics.py">
					<methods/>
					<lines>
						<line hits="1" number="1"/>
						<line hits="1" number="2"/>
						<line hits="1" number="3"/>
						<line hits="1" number="4"/>
						<line hits="1" number="5"/>
						<line hits="1" number="6"/>
						<line hits="1" number="8"/>
						<line hits="1" number="9"/>
						<line hits="1" number="12"/>
						<line hits="1" number="42"/>
						<line hits="1" number="43"/>
						<line hits="1" number="44"/>
						<line hits="1" number="45"/>
						<line hits="1" number="46"/>
						<line hits="1" number="47"/>
						<line hits="1" number="50"/>
						<line hits="1" number="53"/>
						<line hits="0" number="92"/>
						<line hits="0" number="94"/>
						<line hits="0" number="95"/>
						<line hits="0" number="99"/>
						<line hits="0" number="100"/>
						<line hits="0" number="102"/>
						<line hits="0" number="103"/>
						<line hits="0" number="107"/>
						<line hits="0" number="109"/>
						<line hits="1" number="112"/>
						<line hits="0" number="151"/>
						<line hits="0" number="153"/>
						<line hits="0" number="154"/>
						<line hits="0" number="158"/>
						<line hits="0" number="159"/>
						<line hits="0" number="161"/>
						<line hits="0" number="162"/>
						<line hits="0" number="164"/>
						<line hits="0" number="166"/>
						<line hits="1" number="169"/>
						<line hits="1" number="208"/>
						<line hits="1" number="210"/>
						<line hits="1" number="212"/>
						<line hits="1" number="214"/>
						<line hits="1" number="215"/>
						<line hits="1" number="217"/>
						<line hits="1" number="218"/>
						<line hits="1" number="220"/>
						<line hits="1" number="221"/>
						<line hits="1" number="222"/>
						<line hits="1" number="223"/>
						<line hits="1" number="224"/>
						<line hits="1" number="225"/>
						<line hits="1" number="227"/>
						<line hits="1" number="230"/>
						<line hits="1" number="255"/>
						<line hits="1" number="259"/>
						<line hits="1" number="260"/>
						<line hits="1" number="263"/>
						<line hits="1" number="266"/>
						<line hits="1" number="269"/>
						<line hits="1" number="271"/>
						<line hits="1" number="272"/>
						<line hits="1" number="273"/>
						<line hits="1" number="280"/>
						<line hits="1" number="281"/>
						<line hits="1" number="282"/>
						<line hits="1" number="283"/>
						<line hits="1" number="286"/>
						<line hits="0" number="323"/>
						<line hits="0" number="325"/>
						<line hits="0" number="326"/>
						<line hits="0" number="328"/>
						<line hits="1" number="331"/>
						<line hits="0" number="348"/>
						<line hits="0" number="350"/>
						<line hits="0" number="351"/>
						<line hits="0" number="352"/>
						<line hits="0" number="354"/>
						<line hits="1" number="357"/>
						<line hits="0" number="374"/>
						<line hits="0" number="376"/>
						<line hits="0" number="377"/>
						<line hits="0" number="378"/>
						<line hits="0" number="382"/>
						<line hits="1" number="385"/>
						<line hits="1" number="402"/>
						<line hits="1" number="404"/>
						<line hits="1" number="405"/>
						<line hits="1" number="409"/>
						<line hits="1" number="412"/>
						<line hits="1" number="464"/>
						<line hits="0" number="465"/>
						<line hits="0" number="466"/>
						<line hits="1" number="467"/>
						<line hits="0" number="468"/>
						<line hits="0" number="469"/>
						<line hits="1" number="470"/>
						<line hits="0" number="471"/>
						<line hits="0" number="472"/>
						<line hits="1" number="474"/>
						<line hits="1" number="475"/>
						<line hits="1" number="478"/>
						<line hits="1" number="481"/>
						<line hits="1" number="482"/>
						<line hits="1" number="485"/>
						<line hits="1" number="486"/>
						<line hits="1" number="496"/>
						<line hits="1" number="497"/>
						<line hits="1" number="506"/>
						<line hits="1" number="509"/>
						<line hits="1" number="510"/>
						<line hits="1" number="512"/>
						<line hits="1" number="515"/>
						<line hits="1" number="518"/>
						<line hits="1" number="519"/>
						<line hits="1" number="529"/>
						<line hits="1" number="558"/>
						<line hits="1" number="559"/>
						<line hits="1" number="562"/>
						<line hits="1" number="563"/>
						<line hits="1" number="566"/>
						<line hits="1" number="573"/>
						<line hits="1" number="576"/>
						<line hits="1" number="579"/>
						<line hits="1" number="580"/>
						<line hits="1" number="581"/>
						<line hits="1" number="582"/>
						<line hits="0" number="584"/>
						<line hits="1" number="585"/>
						<line hits="1" number="588"/>
						<line hits="1" number="589"/>
						<line hits="1" number="590"/>
						<line hits="1" number="591"/>
						<line hits="0" number="593"/>
						<line hits="0" number="594"/>
						<line hits="1" number="596"/>
						<line hits="1" number="598"/>
						<line hits="1" number="599"/>
						<line hits="1" number="600"/>
						<line hits="1" number="601"/>
						<line hits="1" number="603"/>
						<line hits="1" number="605"/>
						<line hits="1" number="606"/>
						<line hits="1" number="608"/>
						<line hits="1" number="609"/>
						<line hits="1" number="610"/>
						<line hits="1" number="612"/>
						<line hits="1" number="613"/>
						<line hits="1" number="616"/>
						<line hits="1" number="629"/>
						<line hits="1" number="632"/>
						<line hits="1" number="633"/>
						<line hits="1" number="635"/>
						<line hits="1" number="636"/>
						<line hits="1" number="638"/>
						<line hits="1" number="641"/>
						<line hits="0" number="643"/>
						<line hits="0" number="644"/>
						<line hits="1" number="646"/>
						<line hits="1" number="648"/>
						<line hits="1" number="649"/>
						<line hits="0" number="654"/>
						<line hits="0" number="656"/>
						<line hits="0" number="657"/>
						<line hits="0" number="668"/>
						<line hits="0" number="674"/>
						<line hits="1" number="675"/>
					</lines>
				</class>
				<class branch-rate="0" complexity="0" filename="jwave/signal_processing.py" line-rate="1" name="signal_processing.py">
					<methods/>
					<lines>
						<line hits="1" number="1"/>
						<line hits="1" number="4"/>
						<line hits="1" number="23"/>
						<line hits="1" number="24"/>
						<line hits="1" number="25"/>
						<line hits="1" number="26"/>
						<line hits="1" number="29"/>
						<line hits="1" number="38"/>
						<line hits="1" number="39"/>
						<line hits="1" number="42"/>
						<line hits="1" number="60"/>
						<line hits="1" number="63"/>
						<line hits="1" number="73"/>
						<line hits="1" number="74"/>
						<line hits="1" number="75"/>
						<line hits="1" number="76"/>
						<line hits="1" number="79"/>
						<line hits="1" number="80"/>
						<line hits="1" number="83"/>
						<line hits="1" number="84"/>
						<line hits="1" number="85"/>
						<line hits="1" number="87"/>
						<line hits="1" number="88"/>
						<line hits="1" number="89"/>
						<line hits="1" number="90"/>
						<line hits="1" number="93"/>
						<line hits="1" number="94"/>
						<line hits="1" number="95"/>
						<line hits="1" number="96"/>
					</lines>
				</class>
				<class branch-rate="0" complexity="0" filename="jwave/spectral.py" line-rate="0.6377" name="spectral.py">
					<methods/>
					<lines>
						<line hits="1" number="1"/>
						<line hits="1" number="2"/>
						<line hits="1" number="3"/>
						<line hits="1" number="4"/>
						<line hits="1" number="10"/>
						<line hits="0" number="13"/>
						<line hits="0" number="14"/>
						<line hits="0" number="15"/>
						<line hits="0" number="16"/>
						<line hits="1" number="19"/>
						<line hits="1" number="43"/>
						<line hits="1" number="46"/>
						<line hits="1" number="48"/>
						<line hits="1" number="49"/>
						<line hits="1" number="53"/>
						<line hits="1" number="55"/>
						<line hits="1" number="56"/>
						<line hits="1" number="57"/>
						<line hits="1" number="58"/>
						<line hits="1" number="59"/>
						<line hits="1" number="60"/>
						<line hits="1" number="62"/>
						<line hits="1" number="63"/>
						<line hits="1" number="65"/>
						<line hits="1" number="69"/>
						<line hits="1" number="71"/>
						<line hits="1" number="72"/>
						<line hits="1" number="73"/>
						<line hits="1" number="74"/>
						<line hits="1" number="75"/>
						<line hits="0" number="77"/>
						<line hits="1" number="103"/>
						<line hits="1" number="105"/>
						<line hits="1" number="108"/>
						<line hits="1" number="109"/>
						<line hits="0" number="110"/>
						<line hits="0" number="111"/>
						<line hits="0" number="112"/>
						<line hits="0" number="113"/>
						<line hits="1" number="115"/>
						<line hits="1" number="118"/>
						<line hits="1" number="119"/>
						<line hits="1" number="123"/>
						<line hits="1" number="124"/>
						<line hits="1" number="125"/>
						<line hits="1" number="126"/>
						<line hits="1" number="127"/>
						<line hits="1" number="128"/>
						<line hits="1" number="130"/>
						<line hits="1" number="165"/>
						<line hits="0" number="167"/>
						<line hits="0" number="168"/>
						<line hits="0" number="169"/>
						<line hits="0" number="170"/>
						<line hits="1" number="173"/>
						<line hits="0" number="175"/>
						<line hits="0" number="176"/>
						<line hits="0" number="177"/>
						<line hits="0" number="180"/>
						<line hits="1" number="183"/>
						<line hits="0" number="185"/>
						<line hits="0" number="186"/>
						<line hits="0" number="187"/>
						<line hits="0" number="188"/>
						<line hits="1" number="191"/>
						<line hits="0" number="193"/>
						<line hits="0" number="194"/>
						<line hits="0" number="195"/>
						<line hits="0" number="196"/>
					</lines>
				</class>
				<class branch-rate="0" complexity="0" filename="jwave/utils.py" line-rate="0.4194" name="utils.py">
					<methods/>
					<lines>
						<line hits="1" number="1"/>
						<line hits="1" number="2"/>
						<line hits="1" number="3"/>
						<line hits="1" number="10"/>
						<line hits="1" number="13"/>
						<line hits="0" number="14"/>
						<line hits="0" number="15"/>
						<line hits="0" number="16"/>
						<line hits="0" number="17"/>
						<line hits="0" number="18"/>
						<line hits="0" number="19"/>
						<line hits="1" number="24"/>
						<line hits="0" number="25"/>
						<line hits="0" number="26"/>
						<line hits="0" number="27"/>
						<line hits="0" number="29"/>
						<line hits="0" number="30"/>
						<line hits="1" number="33"/>
						<line hits="0" number="34"/>
						<line hits="0" number="36"/>
						<line hits="0" number="37"/>
						<line hits="0" number="38"/>
						<line hits="0" number="39"/>
						<line hits="0" number="40"/>
						<line hits="0" number="41"/>
						<line hits="1" number="44"/>
						<line hits="1" number="45"/>
						<line hits="1" number="46"/>
						<line hits="1" number="47"/>
						<line hits="1" number="49"/>
						<line hits="1" number="53"/>
					</lines>
				</class>
				<class branch-rate="0" complexity="0" filename="jwave/version.py" line-rate="0" name="version.py">
					<methods/>
					<lines>
						<line hits="0" number="1"/>
					</lines>
				</class>
			</classes>
		</package>
	</packages>
</coverage>
